<?xml version="1.0" encoding="UTF-8"?>
<!-- Generated by org.testng.reporters.JUnitReportReporter -->
<testsuite hostname="DESKTOP-5OULTSJ" failures="0" tests="1" name="sampleTest.AnnotationsOrder" time="0.041" errors="0" timestamp="08 Jun 2022 02:40:14 GMT" skipped="0">
  <testcase classname="sampleTest.AnnotationsOrder" name="inTest" time="0.041"/>
</testsuite> <!-- sampleTest.AnnotationsOrder -->
