<?xml version="1.0" encoding="UTF-8"?>
<!-- Generated by org.testng.reporters.JUnitReportReporter -->
<testsuite hostname="DESKTOP-5OULTSJ" failures="0" tests="2" name="sampleTest.ToCity" time="10.624" errors="0" timestamp="08 Jun 2022 02:00:39 GMT" skipped="0">
  <testcase classname="sampleTest.ToCity" name="toCityCheck" time="5.866"/>
  <testcase classname="sampleTest.ToCity" name="toCityCheck" time="4.758"/>
</testsuite> <!-- sampleTest.ToCity -->
