<?xml version="1.0" encoding="UTF-8"?>
<!-- Generated by org.testng.reporters.JUnitReportReporter -->
<testsuite hostname="DESKTOP-5OULTSJ" failures="0" tests="4" name="Factory.Test1" time="0.021" errors="0" timestamp="11 Jun 2022 01:51:40 GMT" skipped="0">
  <testcase classname="Factory.Test1" name="dependedMethod" time="0.006"/>
  <testcase classname="Factory.Test1" name="common" time="0.011"/>
  <testcase classname="Factory.Test1" name="test1method" time="0.002"/>
  <testcase classname="Factory.Test1" name="test2method" time="0.002"/>
</testsuite> <!-- Factory.Test1 -->
