<?xml version="1.0" encoding="UTF-8"?>
<!-- Generated by org.testng.reporters.JUnitReportReporter -->
<testsuite hostname="DESKTOP-5OULTSJ" failures="0" tests="2" name="sampleTest.DataProviderClass" time="0.005" errors="0" timestamp="10 Jun 2022 02:58:38 GMT" skipped="0">
  <testcase classname="sampleTest.DataProviderClass" name="login" time="0.004"/>
  <testcase classname="sampleTest.DataProviderClass" name="login" time="0.001"/>
</testsuite> <!-- sampleTest.DataProviderClass -->
