<?xml version="1.0" encoding="UTF-8"?>
<!-- Generated by org.testng.reporters.JUnitReportReporter -->
<testsuite hostname="DESKTOP-5OULTSJ" failures="0" tests="3" name="Factory.Test3" time="0.002" errors="0" timestamp="11 Jun 2022 03:10:27 GMT" skipped="0">
  <testcase classname="Factory.Test3" name="test3method1" time="0.000"/>
  <testcase classname="Factory.Test3" name="test3method2" time="0.001"/>
  <testcase classname="Factory.Test3" name="test3method0" time="0.001"/>
</testsuite> <!-- Factory.Test3 -->
