<?xml version="1.0" encoding="UTF-8"?>
<!-- Generated by org.testng.reporters.JUnitReportReporter -->
<testsuite hostname="DESKTOP-5OULTSJ" failures="0" tests="4" name="Factory.Test1" time="0.002" errors="0" timestamp="11 Jun 2022 03:10:27 GMT" skipped="0">
  <testcase classname="Factory.Test1" name="test2method" time="0.000"/>
  <testcase classname="Factory.Test1" name="test1method" time="0.000"/>
  <testcase classname="Factory.Test1" name="common" time="0.001"/>
  <testcase classname="Factory.Test1" name="dependedMethod" time="0.001"/>
</testsuite> <!-- Factory.Test1 -->
